YEAR   Pens-Base    Pens-Refm    Cons-Base    Cons-Refm    Wage-Base    Wage-Refm    Cap--Base    Cap--Refm    Corp-Base    Corp-Refm    GDP--Base    GDP--Refm    GDP--Diff
2013    2.5915       2.5915      45.8964      45.8965       3.4410       3.4410       3.0000       3.0000      20.0000      20.0000       1.0051       1.0051       0.0002
2014    2.6376       2.6376      45.3501      45.3502       3.4507       3.4506       3.0000       3.0000      20.0000      20.0000       1.0459       1.0459       0.0002
2015    2.6697       2.6697      44.8476      44.8477       3.4629       3.4628       3.0000       3.0000      20.0000      20.0000       1.0899       1.0899       0.0002
2016    2.6888       2.6888      44.4041      44.4041       3.4790       3.4790       3.0000       3.0000      20.0000      20.0000       1.1370       1.1370       0.0001
2017    2.6981       2.6981      43.9962      43.9963       3.4987       3.4986       3.0000       3.0000      20.0000      20.0000       1.1868       1.1868       0.0001
2018    2.6979       2.6979      43.6214      43.6215       3.5211       3.5210       3.0000       3.0000      20.0000      20.0000       1.2394       1.2394       0.0001
2019    2.6958       2.6958      43.2538      43.2538       3.5453       3.5452       3.0000       3.0000      20.0000      20.0000       1.2946       1.2946       0.0001
2020    2.6972       2.6972      42.9063      42.9064       3.5727       3.5726       3.0000       3.0000      20.0000      20.0000       1.3523       1.3523       0.0001
2021    2.7130       2.7130      42.5398      42.5399       3.6042       3.6041       3.0000       3.0000      20.0000      20.0000       1.4093       1.4093       0.0001
2022    2.7338       2.7338      42.1908      42.1909       3.6387       3.6387       3.0000       3.0000      20.0000      20.0000       1.4673       1.4673       0.0001
2023    2.7537       2.7537      41.8552      41.8552       3.6750       3.6749       3.0000       3.0000      20.0000      20.0000       1.5268       1.5268       0.0001
2024    2.7725       2.7725      41.5453      41.5453       3.7129       3.7129       3.0000       3.0000      20.0000      20.0000       1.5881       1.5881       0.0001
2025    2.7955       2.7955      41.2627      41.2628       3.7529       3.7528       3.0000       3.0000      20.0000      20.0000       1.6510       1.6510       0.0001
2026    2.8275       2.8275      40.9960      40.9961       3.7942       3.7941       3.0000       3.0000      20.0000      20.0000       1.7151       1.7151       0.0001
2027    2.8619       2.8619      40.7468      40.7468       3.8357       3.8356       3.0000       3.0000      20.0000      20.0000       1.7811       1.7811       0.0001
2028    2.8923       2.8923      40.5264      40.5265       3.8768       3.8768       3.0000       3.0000      20.0000      20.0000       1.8498       1.8498       0.0001
2029    2.9119       2.9119      40.3405      40.3406       3.9170       3.9169       3.0000       3.0000      20.0000      20.0000       1.9223       1.9223       0.0001
2030    2.9192       2.9192      40.1932      40.1932       3.9560       3.9559       3.0000       3.0000      20.0000      20.0000       1.9998       1.9998       0.0001
2031    2.9134       2.9134      40.0784      40.0785       3.9933       3.9932       3.0000       3.0000      20.0000      20.0000       2.0830       2.0830       0.0002
2032    2.8970       2.8970      39.9951      39.9951       4.0293       4.0292       3.0000       3.0000      20.0000      20.0000       2.1717       2.1717       0.0002
2033    2.8734       2.8734      39.9158      39.9159       4.0641       4.0640       3.0000       3.0000      20.0000      20.0000       2.2650       2.2650       0.0002
2034    2.8397       2.8396      39.9031      39.9032       4.0996       4.0995       3.0000       3.0000      20.0000      20.0000       2.3633       2.3633       0.0003
2035    2.7933       2.7933      39.9707      39.9708       4.1372       4.1371       3.0000       3.0000      20.0000      20.0000       2.4662       2.4662       0.0003
2036    2.7325       2.7325      40.1236      40.1236       4.1776       4.1775       3.0000       3.0000      20.0000      20.0000       2.5733       2.5733       0.0003
2037    2.6627       2.6627      40.3665      40.3665       4.2219       4.2218       3.0000       3.0000      20.0000      20.0000       2.6843       2.6843       0.0004
2038    2.5891       2.5891      40.6889      40.6890       4.2698       4.2697       3.0000       3.0000      20.0000      20.0000       2.7987       2.7987       0.0004
2039    2.5164       2.5163      41.0830      41.0830       4.3210       4.3209       3.0000       3.0000      20.0000      20.0000       2.9161       2.9161       0.0004
2040    2.4452       2.4452      41.5368      41.5369       4.3750       4.3749       3.0000       3.0000      20.0000      20.0000       3.0362       3.0362       0.0005
2041    2.3764       2.3764      42.0498      42.0498       4.4324       4.4323       3.0000       3.0000      20.0000      20.0000       3.1586       3.1586       0.0005
2042    2.3097       2.3097      42.6260      42.6260       4.4937       4.4936       3.0000       3.0000      20.0000      20.0000       3.2833       3.2833       0.0006
2043    2.2450       2.2450      43.2647      43.2647       4.5594       4.5593       3.0000       3.0000      20.0000      20.0000       3.4101       3.4102       0.0006
2044    2.1850       2.1850      43.9431      43.9431       4.6291       4.6290       3.0000       3.0000      20.0000      20.0000       3.5379       3.5379       0.0007
2045    2.1318       2.1318      44.6578      44.6579       4.7031       4.7030       3.0000       3.0000      20.0000      20.0000       3.6657       3.6657       0.0007
2046    2.0872       2.0872      45.4031      45.4031       4.7817       4.7816       3.0000       3.0000      20.0000      20.0000       3.7931       3.7931       0.0008
2047    2.0488       2.0487      46.1914      46.1915       4.8656       4.8656       3.0000       3.0000      20.0000      20.0000       3.9203       3.9204       0.0008
2048    2.0373       2.0373      46.9996      46.9997       4.9558       4.9558       3.0000       3.0000      20.0000      20.0000       4.0446       4.0446       0.0009
2049    2.0447       2.0446      47.0012      47.0013       4.9698       4.9698       3.0000       3.0000      20.0000      20.0000       4.1687       4.1688       0.0009
2050    2.0657       2.0657      47.0384      47.0385       4.9870       4.9869       3.0000       3.0000      20.0000      20.0000       4.2937       4.2938       0.0009
2051    2.0941       2.0941      47.1036      47.1037       5.0064       5.0063       3.0000       3.0000      20.0000      20.0000       4.4203       4.4204       0.0009
2052    2.1306       2.1306      47.1808      47.1809       5.0267       5.0266       3.0000       3.0000      20.0000      20.0000       4.5487       4.5487       0.0010
2053    2.1755       2.1755      47.2699      47.2700       5.0472       5.0471       3.0000       3.0000      20.0000      20.0000       4.6808       4.6809       0.0010
2054    2.2305       2.2304      47.3372      47.3373       5.0660       5.0659       3.0000       3.0000      20.0000      20.0000       4.8139       4.8139       0.0010
2055    2.2925       2.2925      47.3732      47.3733       5.0817       5.0816       3.0000       3.0000      20.0000      20.0000       4.9489       4.9489       0.0010
2056    2.3585       2.3584      47.3854      47.3855       5.0943       5.0942       3.0000       3.0000      20.0000      20.0000       5.0866       5.0867       0.0010
2057    2.4291       2.4291      47.3826      47.3827       5.1048       5.1047       3.0000       3.0000      20.0000      20.0000       5.2268       5.2269       0.0010
2058    2.5053       2.5053      47.3719      47.3720       5.1141       5.1140       3.0000       3.0000      20.0000      20.0000       5.3689       5.3689       0.0010
2059    2.5882       2.5882      47.3491      47.3492       5.1220       5.1219       3.0000       3.0000      20.0000      20.0000       5.5120       5.5121       0.0010
2060    2.6657       2.6657      47.3405      47.3407       5.1287       5.1286       3.0000       3.0000      20.0000      20.0000       5.6585       5.6585       0.0010
2061    2.7411       2.7411      47.3354      47.3355       5.1346       5.1345       3.0000       3.0000      20.0000      20.0000       5.8061       5.8062       0.0011
2062    2.8151       2.8150      47.3417      47.3418       5.1406       5.1405       3.0000       3.0000      20.0000      20.0000       5.9545       5.9546       0.0011
2063    2.8887       2.8886      47.3635      47.3636       5.1470       5.1470       3.0000       3.0000      20.0000      20.0000       6.1029       6.1029       0.0011
2064    2.9630       2.9630      47.3799      47.3801       5.1523       5.1522       3.0000       3.0000      20.0000      20.0000       6.2505       6.2505       0.0011
2065    3.0388       3.0387      47.3948      47.3950       5.1571       5.1570       3.0000       3.0000      20.0000      20.0000       6.3965       6.3966       0.0011
2066    3.1160       3.1160      47.4130      47.4132       5.1619       5.1618       3.0000       3.0000      20.0000      20.0000       6.5404       6.5405       0.0011
2067    3.1960       3.1959      47.4374      47.4376       5.1675       5.1674       3.0000       3.0000      20.0000      20.0000       6.6814       6.6815       0.0011
2068    3.2806       3.2806      47.4699      47.4701       5.1745       5.1744       3.0000       3.0000      20.0000      20.0000       6.8185       6.8185       0.0011
2069    3.3732       3.3731      47.5040      47.5042       5.1829       5.1828       3.0000       3.0000      20.0000      20.0000       6.9502       6.9503       0.0011
2070    3.4756       3.4755      47.5387      47.5389       5.1931       5.1930       3.0000       3.0000      20.0000      20.0000       7.0757       7.0757       0.0011
2071    3.5883       3.5882      47.5743      47.5745       5.2054       5.2053       3.0000       3.0000      20.0000      20.0000       7.1943       7.1944       0.0011
2072    3.7098       3.7098      47.5935      47.5937       5.2180       5.2180       3.0000       3.0000      20.0000      20.0000       7.3064       7.3065       0.0011
2073    3.8341       3.8341      47.6296      47.6298       5.2316       5.2315       3.0000       3.0000      20.0000      20.0000       7.4157       7.4157       0.0011
2074    3.9572       3.9571      47.6871      47.6873       5.2458       5.2457       3.0000       3.0000      20.0000      20.0000       7.5234       7.5234       0.0011
2075    4.0767       4.0767      47.7711      47.7713       5.2609       5.2608       3.0000       3.0000      20.0000      20.0000       7.6302       7.6303       0.0011
2076    4.1923       4.1923      47.8814      47.8816       5.2766       5.2766       3.0000       3.0000      20.0000      20.0000       7.7366       7.7367       0.0011
2077    4.3043       4.3042      48.0169      48.0171       5.2931       5.2930       3.0000       3.0000      20.0000      20.0000       7.8427       7.8428       0.0011
2078    4.4128       4.4128      48.1693      48.1695       5.3099       5.3098       3.0000       3.0000      20.0000      20.0000       7.9484       7.9485       0.0011
2079    4.5172       4.5172      48.3365      48.3367       5.3268       5.3268       3.0000       3.0000      20.0000      20.0000       8.0541       8.0542       0.0011
2080    4.6170       4.6170      48.5168      48.5170       5.3438       5.3437       3.0000       3.0000      20.0000      20.0000       8.1602       8.1603       0.0011
2081    4.7122       4.7122      48.7073      48.7075       5.3606       5.3605       3.0000       3.0000      20.0000      20.0000       8.2667       8.2668       0.0011
2082    4.8033       4.8032      48.9097      48.9099       5.3772       5.3771       3.0000       3.0000      20.0000      20.0000       8.3743       8.3744       0.0011
2083    4.8881       4.8880      49.2888      49.2890       5.4092       5.4092       3.0000       3.0000      20.0000      20.0000       8.4839       8.4840       0.0011
2084    4.9605       4.9605      49.4790      49.4793       5.4155       5.4154       3.0000       3.0000      20.0000      20.0000       8.4469       8.4470       0.0011
2085    5.0473       5.0472      49.4931      49.4933       5.4268       5.4267       3.0000       3.0000      20.0000      20.0000       8.5277       8.5278       0.0011
2086    5.1273       5.1273      49.4969      49.4971       5.4371       5.4370       3.0000       3.0000      20.0000      20.0000       8.6086       8.6087       0.0011
2087    5.2019       5.2018      49.4853      49.4856       5.4461       5.4460       3.0000       3.0000      20.0000      20.0000       8.6891       8.6892       0.0011
2088    5.2724       5.2724      49.4551      49.4553       5.4537       5.4536       3.0000       3.0000      20.0000      20.0000       8.7689       8.7690       0.0011
2089    5.3401       5.3400      49.4044      49.4046       5.4598       5.4597       3.0000       3.0000      20.0000      20.0000       8.8479       8.8480       0.0011
2090    5.4057       5.4057      49.3344      49.3346       5.4646       5.4645       3.0000       3.0000      20.0000      20.0000       8.9258       8.9259       0.0011
2091    5.4711       5.4710      49.2482      49.2484       5.4685       5.4684       3.0000       3.0000      20.0000      20.0000       9.0024       9.0025       0.0011
2092    5.5436       5.5436      49.1395      49.1397       5.4718       5.4717       3.0000       3.0000      20.0000      20.0000       9.0759       9.0760       0.0011
2093    5.6148       5.6147      49.0187      49.0189       5.4741       5.4741       3.0000       3.0000      20.0000      20.0000       9.1486       9.1487       0.0011
2094    5.6867       5.6867      48.8860      48.8862       5.4758       5.4757       3.0000       3.0000      20.0000      20.0000       9.2202       9.2203       0.0011
2095    5.7607       5.7606      48.7460      48.7462       5.4773       5.4772       3.0000       3.0000      20.0000      20.0000       9.2904       9.2905       0.0011
2096    5.8366       5.8365      48.6028      48.6030       5.4789       5.4788       3.0000       3.0000      20.0000      20.0000       9.3594       9.3595       0.0011
2097    5.9132       5.9132      48.4612      48.4614       5.4809       5.4808       3.0000       3.0000      20.0000      20.0000       9.4279       9.4280       0.0011
2098    5.9891       5.9890      48.3254      48.3257       5.4833       5.4832       3.0000       3.0000      20.0000      20.0000       9.4964       9.4965       0.0011
2099    6.0627       6.0627      48.1983      48.1985       5.4862       5.4861       3.0000       3.0000      20.0000      20.0000       9.5656       9.5657       0.0011
2100    6.1332       6.1332      48.0811      48.0813       5.4897       5.4896       3.0000       3.0000      20.0000      20.0000       9.6359       9.6360       0.0011
2101    6.2000       6.1999      47.9742      47.9745       5.4935       5.4935       3.0000       3.0000      20.0000      20.0000       9.7077       9.7078       0.0011
2102    6.2624       6.2624      47.8770      47.8772       5.4977       5.4976       3.0000       3.0000      20.0000      20.0000       9.7813       9.7814       0.0011
2103    6.3196       6.3196      47.7894      47.7896       5.5020       5.5020       3.0000       3.0000      20.0000      20.0000       9.8570       9.8572       0.0011
2104    6.3711       6.3710      47.7115      47.7117       5.5064       5.5063       3.0000       3.0000      20.0000      20.0000       9.9351       9.9352       0.0011
2105    6.4165       6.4164      47.6425      47.6427       5.5106       5.5105       3.0000       3.0000      20.0000      20.0000      10.0156      10.0158       0.0011
2106    6.4553       6.4552      47.5821      47.5823       5.5145       5.5144       3.0000       3.0000      20.0000      20.0000      10.0987      10.0989       0.0011
2107    6.4869       6.4868      47.5296      47.5298       5.5180       5.5180       3.0000       3.0000      20.0000      20.0000      10.1845      10.1846       0.0011
2108    6.5109       6.5109      47.4830      47.4832       5.5209       5.5208       3.0000       3.0000      20.0000      20.0000      10.2730      10.2731       0.0011
