YEAR   US-Base    US-Refm    EU-Base    EU-Refm    JK-Base    JK-Refm    CH-Base    CH-Refm    IN-Base    IN-Refm    RU-Base    RU-Refm
2012    0.9665     0.9665     1.0364     1.0364     0.3887     0.3887     0.9673     0.9673     0.3931     0.3931     0.7183     0.7183
2013    1.0000     1.0000     1.0624     1.0624     0.3948     0.3948     1.0051     1.0051     0.4174     0.4174     0.7224     0.7224
2014    1.0333     1.0333     1.0884     1.0884     0.3997     0.3997     1.0459     1.0459     0.4437     0.4437     0.7247     0.7247
2015    1.0663     1.0663     1.1139     1.1139     0.4042     0.4042     1.0899     1.0899     0.4722     0.4722     0.7250     0.7250
2016    1.0986     1.0986     1.1388     1.1388     0.4089     0.4089     1.1370     1.1370     0.5028     0.5028     0.7231     0.7231
2017    1.1301     1.1301     1.1629     1.1629     0.4134     0.4134     1.1868     1.1868     0.5356     0.5356     0.7213     0.7213
2018    1.1608     1.1608     1.1866     1.1866     0.4177     0.4177     1.2394     1.2394     0.5708     0.5708     0.7185     0.7185
2019    1.1906     1.1906     1.2095     1.2095     0.4218     0.4218     1.2946     1.2946     0.6081     0.6081     0.7162     0.7162
2020    1.2198     1.2198     1.2318     1.2318     0.4258     0.4258     1.3523     1.3523     0.6477     0.6477     0.7141     0.7141
2021    1.2483     1.2483     1.2534     1.2534     0.4309     0.4309     1.4093     1.4093     0.6928     0.6928     0.7123     0.7123
2022    1.2769     1.2769     1.2747     1.2747     0.4348     0.4348     1.4673     1.4673     0.7406     0.7406     0.7105     0.7105
2023    1.3054     1.3054     1.2952     1.2952     0.4384     0.4384     1.5268     1.5268     0.7915     0.7915     0.7088     0.7088
2024    1.3343     1.3344     1.3151     1.3151     0.4418     0.4418     1.5881     1.5881     0.8455     0.8455     0.7061     0.7061
2025    1.3637     1.3637     1.3347     1.3347     0.4451     0.4451     1.6510     1.6510     0.9027     0.9027     0.7023     0.7023
2026    1.3935     1.3935     1.3544     1.3544     0.4482     0.4482     1.7151     1.7151     0.9630     0.9630     0.6974     0.6974
2027    1.4236     1.4236     1.3748     1.3748     0.4512     0.4512     1.7811     1.7811     1.0260     1.0260     0.6924     0.6924
2028    1.4537     1.4537     1.3960     1.3960     0.4541     0.4541     1.8498     1.8498     1.0916     1.0916     0.6860     0.6860
2029    1.4838     1.4838     1.4179     1.4179     0.4566     0.4566     1.9223     1.9223     1.1595     1.1595     0.6793     0.6793
2030    1.5136     1.5137     1.4406     1.4406     0.4589     0.4589     1.9998     1.9998     1.2297     1.2297     0.6710     0.6710
2031    1.5431     1.5431     1.4642     1.4642     0.4610     0.4610     2.0830     2.0830     1.3019     1.3019     0.6615     0.6615
2032    1.5720     1.5720     1.4885     1.4885     0.4630     0.4630     2.1717     2.1717     1.3765     1.3765     0.6515     0.6515
2033    1.6003     1.6003     1.5141     1.5141     0.4651     0.4651     2.2650     2.2650     1.4534     1.4534     0.6410     0.6410
2034    1.6283     1.6283     1.5408     1.5408     0.4673     0.4673     2.3633     2.3633     1.5325     1.5325     0.6301     0.6301
2035    1.6564     1.6564     1.5690     1.5690     0.4698     0.4698     2.4662     2.4662     1.6137     1.6137     0.6179     0.6179
2036    1.6853     1.6853     1.5991     1.5991     0.4726     0.4726     2.5733     2.5733     1.6969     1.6969     0.6046     0.6046
2037    1.7140     1.7140     1.6306     1.6306     0.4758     0.4758     2.6843     2.6843     1.7826     1.7826     0.5910     0.5910
2038    1.7423     1.7423     1.6645     1.6645     0.4795     0.4795     2.7987     2.7987     1.8708     1.8708     0.5760     0.5760
2039    1.7701     1.7701     1.6992     1.6992     0.4833     0.4833     2.9161     2.9161     1.9614     1.9614     0.5602     0.5602
2040    1.7969     1.7969     1.7344     1.7344     0.4871     0.4871     3.0362     3.0362     2.0545     2.0545     0.5448     0.5448
2041    1.8227     1.8227     1.7699     1.7699     0.4910     0.4910     3.1586     3.1586     2.1497     2.1497     0.5306     0.5306
2042    1.8473     1.8473     1.8060     1.8060     0.4947     0.4947     3.2833     3.2833     2.2469     2.2469     0.5171     0.5171
2043    1.8707     1.8707     1.8428     1.8428     0.4985     0.4985     3.4101     3.4102     2.3456     2.3456     0.5060     0.5061
2044    1.8930     1.8930     1.8799     1.8799     0.5022     0.5022     3.5379     3.5379     2.4468     2.4468     0.4997     0.4997
2045    1.9150     1.9150     1.9173     1.9173     0.5058     0.5058     3.6657     3.6657     2.5503     2.5503     0.4976     0.4976
2046    1.9370     1.9370     1.9552     1.9552     0.5095     0.5095     3.7931     3.7931     2.6561     2.6561     0.4992     0.4992
2047    1.9593     1.9593     1.9919     1.9919     0.5130     0.5130     3.9203     3.9204     2.7641     2.7641     0.5046     0.5047
2048    1.9825     1.9826     2.0281     2.0281     0.5165     0.5165     4.0446     4.0446     2.8721     2.8721     0.5130     0.5130
2049    2.0061     2.0061     2.0631     2.0632     0.5199     0.5199     4.1687     4.1688     2.9804     2.9804     0.5238     0.5238
2050    2.0309     2.0309     2.0981     2.0982     0.5235     0.5235     4.2937     4.2938     3.0892     3.0892     0.5347     0.5347
2051    2.0565     2.0565     2.1330     2.1330     0.5271     0.5272     4.4203     4.4204     3.1982     3.1982     0.5467     0.5467
2052    2.0827     2.0827     2.1679     2.1679     0.5309     0.5309     4.5487     4.5487     3.3079     3.3079     0.5593     0.5593
2053    2.1094     2.1095     2.2028     2.2028     0.5346     0.5346     4.6808     4.6809     3.4179     3.4179     0.5723     0.5723
2054    2.1372     2.1372     2.2381     2.2381     0.5386     0.5386     4.8139     4.8139     3.5284     3.5284     0.5854     0.5854
2055    2.1660     2.1660     2.2735     2.2735     0.5426     0.5426     4.9489     4.9489     3.6392     3.6392     0.5989     0.5989
2056    2.1959     2.1959     2.3087     2.3087     0.5464     0.5464     5.0866     5.0867     3.7505     3.7506     0.6125     0.6125
2057    2.2271     2.2272     2.3436     2.3436     0.5502     0.5502     5.2268     5.2269     3.8624     3.8625     0.6261     0.6261
2058    2.2596     2.2596     2.3781     2.3781     0.5539     0.5539     5.3689     5.3689     3.9752     3.9752     0.6393     0.6393
2059    2.2934     2.2934     2.4123     2.4124     0.5575     0.5575     5.5120     5.5121     4.0886     4.0886     0.6521     0.6521
2060    2.3284     2.3284     2.4463     2.4463     0.5602     0.5602     5.6585     5.6585     4.1988     4.1989     0.6647     0.6647
2061    2.3642     2.3642     2.4802     2.4802     0.5634     0.5634     5.8061     5.8062     4.3096     4.3097     0.6774     0.6774
2062    2.4007     2.4007     2.5142     2.5142     0.5665     0.5665     5.9545     5.9546     4.4210     4.4211     0.6897     0.6897
2063    2.4378     2.4379     2.5483     2.5484     0.5693     0.5693     6.1029     6.1029     4.5331     4.5332     0.7007     0.7007
2064    2.4756     2.4756     2.5828     2.5828     0.5719     0.5719     6.2505     6.2505     4.6459     4.6459     0.7108     0.7108
2065    2.5136     2.5136     2.6174     2.6175     0.5744     0.5744     6.3965     6.3966     4.7593     4.7593     0.7202     0.7202
2066    2.5518     2.5519     2.6523     2.6523     0.5767     0.5767     6.5404     6.5405     4.8736     4.8737     0.7292     0.7292
2067    2.5902     2.5902     2.6874     2.6874     0.5788     0.5788     6.6814     6.6815     4.9891     4.9892     0.7381     0.7381
2068    2.6288     2.6288     2.7228     2.7228     0.5809     0.5809     6.8185     6.8185     5.1061     5.1061     0.7468     0.7468
2069    2.6677     2.6678     2.7586     2.7586     0.5829     0.5829     6.9502     6.9503     5.2249     5.2250     0.7550     0.7550
2070    2.7073     2.7073     2.7948     2.7948     0.5848     0.5848     7.0757     7.0757     5.3458     5.3459     0.7628     0.7628
2071    2.7475     2.7475     2.8314     2.8314     0.5868     0.5868     7.1943     7.1944     5.4683     5.4684     0.7711     0.7711
2072    2.7883     2.7883     2.8682     2.8683     0.5889     0.5889     7.3064     7.3065     5.5928     5.5928     0.7801     0.7801
2073    2.8294     2.8294     2.9050     2.9050     0.5911     0.5911     7.4157     7.4157     5.7189     5.7189     0.7894     0.7894
2074    2.8706     2.8706     2.9415     2.9415     0.5934     0.5934     7.5234     7.5234     5.8466     5.8467     0.7992     0.7992
2075    2.9119     2.9119     2.9778     2.9778     0.5959     0.5959     7.6302     7.6303     5.9761     5.9761     0.8095     0.8095
2076    2.9533     2.9533     3.0143     3.0143     0.5985     0.5985     7.7366     7.7367     6.1072     6.1073     0.8206     0.8206
2077    2.9950     2.9950     3.0496     3.0496     0.6013     0.6013     7.8427     7.8428     6.2405     6.2406     0.8324     0.8324
2078    3.0370     3.0371     3.0859     3.0860     0.6043     0.6043     7.9484     7.9485     6.3761     6.3762     0.8448     0.8448
2079    3.0795     3.0795     3.1235     3.1235     0.6076     0.6076     8.0541     8.0542     6.5142     6.5142     0.8580     0.8580
2080    3.1227     3.1227     3.1621     3.1622     0.6111     0.6112     8.1602     8.1603     6.6552     6.6553     0.8718     0.8718
2081    3.1665     3.1665     3.2026     3.2027     0.6149     0.6149     8.2667     8.2668     6.7997     6.7997     0.8862     0.8862
2082    3.2112     3.2112     3.2423     3.2423     0.6190     0.6190     8.3743     8.3744     6.9480     6.9481     0.9010     0.9010
2083    3.2525     3.2525     3.2929     3.2929     0.6231     0.6231     8.4839     8.4840     7.0957     7.0958     0.9093     0.9093
2084    3.2307     3.2307     3.3118     3.3118     0.6256     0.6256     8.4469     8.4470     7.1991     7.1992     0.6861     0.6861
2085    3.2650     3.2650     3.3457     3.3457     0.6283     0.6283     8.5277     8.5278     7.3297     7.3298     0.6944     0.6944
2086    3.2994     3.2994     3.3802     3.3803     0.6311     0.6311     8.6086     8.6087     7.4616     7.4617     0.7026     0.7026
2087    3.3339     3.3339     3.4154     3.4155     0.6340     0.6340     8.6891     8.6892     7.5953     7.5954     0.7106     0.7107
2088    3.3685     3.3685     3.4512     3.4513     0.6372     0.6372     8.7689     8.7690     7.7311     7.7312     0.7184     0.7184
2089    3.4031     3.4031     3.4877     3.4877     0.6405     0.6405     8.8479     8.8480     7.8693     7.8693     0.7260     0.7260
2090    3.4377     3.4378     3.5248     3.5249     0.6440     0.6440     8.9258     8.9259     8.0100     8.0100     0.7334     0.7334
2091    3.4724     3.4724     3.5626     3.5626     0.6476     0.6477     9.0024     9.0025     8.1529     8.1530     0.7406     0.7406
2092    3.5073     3.5073     3.6012     3.6012     0.6515     0.6515     9.0759     9.0760     8.2987     8.2988     0.7477     0.7477
2093    3.5422     3.5422     3.6402     3.6403     0.6556     0.6556     9.1486     9.1487     8.4471     8.4471     0.7546     0.7546
2094    3.5772     3.5772     3.6798     3.6799     0.6600     0.6600     9.2202     9.2203     8.5982     8.5983     0.7614     0.7614
2095    3.6124     3.6124     3.7200     3.7200     0.6645     0.6645     9.2904     9.2905     8.7521     8.7522     0.7681     0.7681
2096    3.6478     3.6478     3.7606     3.7606     0.6693     0.6693     9.3594     9.3595     8.9088     8.9089     0.7749     0.7749
2097    3.6834     3.6834     3.8016     3.8017     0.6742     0.6742     9.4279     9.4280     9.0682     9.0682     0.7816     0.7816
2098    3.7192     3.7192     3.8430     3.8430     0.6794     0.6794     9.4964     9.4965     9.2302     9.2303     0.7884     0.7884
2099    3.7551     3.7551     3.8845     3.8845     0.6848     0.6848     9.5656     9.5657     9.3949     9.3950     0.7953     0.7953
2100    3.7912     3.7912     3.9262     3.9262     0.6903     0.6903     9.6359     9.6360     9.5623     9.5624     0.8024     0.8025
2101    3.8274     3.8274     3.9680     3.9681     0.6960     0.6960     9.7077     9.7078     9.7319     9.7320     0.8098     0.8098
2102    3.8638     3.8638     4.0099     4.0100     0.7019     0.7019     9.7813     9.7814     9.9039     9.9040     0.8175     0.8175
2103    3.9004     3.9005     4.0519     4.0519     0.7080     0.7080     9.8570     9.8572    10.0782    10.0783     0.8254     0.8254
2104    3.9373     3.9373     4.0938     4.0938     0.7142     0.7142     9.9351     9.9352    10.2552    10.2553     0.8337     0.8338
2105    3.9745     3.9745     4.1357     4.1357     0.7206     0.7206    10.0156    10.0158    10.4347    10.4348     0.8424     0.8424
2106    4.0121     4.0121     4.1775     4.1776     0.7270     0.7271    10.0987    10.0989    10.6169    10.6170     0.8515     0.8515
2107    4.0501     4.0501     4.2194     4.2194     0.7336     0.7336    10.1845    10.1846    10.8018    10.8019     0.8608     0.8609
2108    4.0885     4.0885     4.2611     4.2612     0.7403     0.7403    10.2730    10.2731    10.9907    10.9908     0.8705     0.8705
2109    4.1275     4.1275     4.3030     4.3031     0.7472     0.7472    10.3648    10.3649    11.1802    11.1803     0.8805     0.8805
2110    4.1673     4.1673     4.3449     4.3450     0.7541     0.7541    10.4599    10.4600    11.3703    11.3704     0.8908     0.8908
2111    4.2079     4.2079     4.3873     4.3874     0.7612     0.7612    10.5568    10.5569    11.5609    11.5610     0.9013     0.9014
2112    4.2493     4.2493     4.4302     4.4303     0.7683     0.7683    10.6555    10.6556    11.7520    11.7521     0.9121     0.9121
2113    4.2915     4.2915     4.4737     4.4738     0.7756     0.7756    10.7560    10.7561    11.9435    11.9436     0.9230     0.9230
2114    4.3344     4.3344     4.5178     4.5179     0.7831     0.7831    10.8584    10.8585    12.1354    12.1355     0.9340     0.9341
2115    4.3781     4.3781     4.5625     4.5626     0.7906     0.7906    10.9627    10.9628    12.3276    12.3277     0.9452     0.9452
2116    4.4225     4.4226     4.6079     4.6080     0.7983     0.7983    11.0689    11.0691    12.5202    12.5203     0.9563     0.9564
2117    4.4678     4.4679     4.6540     4.6540     0.8061     0.8061    11.1772    11.1774    12.7130    12.7131     0.9676     0.9676
2118    4.5139     4.5140     4.7008     4.7009     0.8140     0.8140    11.2876    11.2878    12.9061    12.9062     0.9790     0.9790
2119    4.5609     4.5609     4.7484     4.7484     0.8221     0.8221    11.4002    11.4003    13.0993    13.0994     0.9904     0.9904
2120    4.6086     4.6087     4.7968     4.7968     0.8303     0.8303    11.5149    11.5150    13.2927    13.2928     1.0019     1.0019
2121    4.6572     4.6573     4.8460     4.8460     0.8387     0.8387    11.6318    11.6319    13.4863    13.4864     1.0135     1.0135
2122    4.7067     4.7067     4.8960     4.8961     0.8472     0.8472    11.7508    11.7510    13.6799    13.6800     1.0253     1.0253
2123    4.7569     4.7569     4.9468     4.9469     0.8558     0.8558    11.8720    11.8722    13.8735    13.8736     1.0374     1.0374
2124    4.8078     4.8079     4.9985     4.9986     0.8645     0.8645    11.9953    11.9954    14.0671    14.0673     1.0496     1.0496
2125    4.8596     4.8596     5.0511     5.0512     0.8734     0.8734    12.1206    12.1207    14.2607    14.2608     1.0620     1.0620
2126    4.9121     4.9121     5.1045     5.1046     0.8824     0.8824    12.2478    12.2479    14.4541    14.4542     1.0746     1.0747
2127    4.9653     4.9653     5.1589     5.1589     0.8916     0.8916    12.3769    12.3770    14.6472    14.6474     1.0874     1.0875
2128    5.0193     5.0193     5.2141     5.2141     0.9008     0.9008    12.5078    12.5079    14.8401    14.8403     1.1004     1.1004
2129    5.0739     5.0740     5.2701     5.2702     0.9102     0.9102    12.6404    12.6406    15.0327    15.0328     1.1135     1.1135
2130    5.1293     5.1293     5.3270     5.3270     0.9197     0.9197    12.7747    12.7749    15.2248    15.2250     1.1267     1.1267
2131    5.1852     5.1853     5.3847     5.3848     0.9293     0.9293    12.9106    12.9107    15.4165    15.4166     1.1401     1.1401
2132    5.2418     5.2419     5.4432     5.4433     0.9390     0.9390    13.0480    13.0481    15.6076    15.6078     1.1536     1.1536
2133    5.2990     5.2990     5.5025     5.5026     0.9488     0.9488    13.1868    13.1870    15.7983    15.7984     1.1671     1.1671
2134    5.3567     5.3567     5.5626     5.5627     0.9587     0.9587    13.3271    13.3272    15.9884    15.9885     1.1808     1.1808
2135    5.4150     5.4150     5.6234     5.6235     0.9687     0.9687    13.4687    13.4688    16.1779    16.1780     1.1945     1.1946
2136    5.4737     5.4737     5.6849     5.6850     0.9788     0.9788    13.6117    13.6118    16.3668    16.3670     1.2084     1.2084
2137    5.5329     5.5330     5.7470     5.7471     0.9890     0.9890    13.7560    13.7561    16.5552    16.5554     1.2223     1.2223
2138    5.5927     5.5927     5.8098     5.8098     0.9993     0.9993    13.9015    13.9017    16.7430    16.7432     1.2363     1.2363
------------------------------------------------------------------------------------    -------------------------    ------------------------------------------------------------    ----------------------------------------------    ------------------------------------------------------------
