                                        USA  EUROPE   JAPAN   CHINA   INDIA   RUSSI
Population (in mio.)                    303.    505.    175.   1314.   1171.    142.

National Income
Private consumption                    80.4    61.3    56.6    33.4    70.3    24.2
Government purchases                   20.1    23.2    17.9    20.0    18.0    30.7
     General public expenditures        6.3    10.0     3.9    14.5    13.4    21.1
     Aggregate education outlays        6.0     5.7     6.7     3.8     3.5     5.5
     Aggregate health benefits          7.7     7.5     7.3     1.7     1.1     4.1
Investment                             25.7    24.8    22.0    28.3    29.6    23.3
Trade balance                         -25.4    -9.0     3.6    18.3   -17.6    25.3
Current account                        -6.9    -2.2    19.2     7.0   -21.9    11.8

Government indicators
Social contributions received           5.5    15.5     5.2     1.5     2.1     8.8
     Pension revenues                   5.5    15.5     5.2     1.5     2.1     8.8
     Health revenues                    0.0     0.0     0.0     0.0     0.0     0.0
     Disability revenues                0.0     0.0     0.0     0.0     0.0     0.0
Social benefits                        21.9    30.1    21.2     6.0     7.2    19.8
     Aggregate pension benefits         8.4    16.6     5.5     2.5     4.6    11.1
     Aggregate health benefits          7.7     7.5     7.3     1.7     1.1     4.1
     Aggregate disability benefits      5.8     6.0     8.4     1.8     1.5     4.5
Pension contribution rate               8.4    23.9     8.2     2.3     3.2    13.6
Health-care contribution rate           0.0     0.0     0.0     0.0     0.0     0.0
Disability-insurance contribution rate  0.0     0.0     0.0     0.0     0.0     0.0
Interest payment on public debt         1.3    -3.4     2.6     0.4     6.6     1.1

Tax revenues                           29.4    27.9    28.7    23.0    24.1    38.4
     Direct taxes                      17.8    14.4    18.8     6.4     8.9    10.8
          Wage taxes                    8.8     7.1     9.9     2.3     3.1     6.0
          Capital taxes                 3.7     2.6     2.6     0.1     0.5     0.0
          Corporate taxes               5.2     4.7     6.3     4.0     5.3     4.7
     Indirect taxes                    10.8    13.2     9.9    16.6    14.9    24.1
          Consumption taxes            10.8    13.2     9.9    16.6    14.9    24.1
          Inheritance taxes             0.0     0.0     0.0     0.0     0.0     0.0

Wage tax rates
     Average                           13.9    10.9    15.1     3.5     4.7     9.3
     Marginal                          25.5    19.0    24.2     3.5     4.7     9.3
Capital-output ratio                    1.8     2.0     1.9     2.0     1.9     1.9
Capital-labor ratio                     3.2     3.7     3.4     3.8     3.3     3.4
Interest rate                           7.8     7.8     7.8     7.8     7.8     7.8
Wage rate
     Income class 1                     1.0     1.1     1.0     1.0     0.9     1.0
     Income class 2                     1.5     1.6     1.6     1.9     1.8     1.6
GDP relative                           1.00    1.14    0.44    0.98    0.37    0.78
GDP growth rate                         2.8     1.4     0.4     2.7     4.3     1.1
                                        USA  EUROPE   JAPAN   CHINA   INDIA   RUSSI
Population (in mio.)                    303.    505.    175.   1314.   1171.    142.

National Income
Private consumption                    80.4    61.3    56.6    33.4    70.3    24.2
Government purchases                   20.1    23.2    17.9    20.0    18.0    30.7
     General public expenditures        6.3    10.0     3.9    14.5    13.4    21.1
     Aggregate education outlays        6.0     5.7     6.7     3.8     3.5     5.5
     Aggregate health benefits          7.7     7.5     7.3     1.7     1.1     4.1
Investment                             25.7    24.8    22.0    28.3    29.6    23.3
Trade balance                         -25.4    -9.0     3.6    18.3   -17.6    25.3
Current account                        -6.9    -2.2    19.2     7.0   -21.9    11.8

Government indicators
Social contributions received           5.5    15.5     5.2     1.5     2.1     8.8
     Pension revenues                   5.5    15.5     5.2     1.5     2.1     8.8
     Health revenues                    0.0     0.0     0.0     0.0     0.0     0.0
     Disability revenues                0.0     0.0     0.0     0.0     0.0     0.0
Social benefits                        21.9    30.1    21.2     6.0     7.2    19.8
     Aggregate pension benefits         8.4    16.6     5.5     2.5     4.6    11.1
     Aggregate health benefits          7.7     7.5     7.3     1.7     1.1     4.1
     Aggregate disability benefits      5.8     6.0     8.4     1.8     1.5     4.5
Pension contribution rate               8.4    23.9     8.2     2.3     3.2    13.6
Health-care contribution rate           0.0     0.0     0.0     0.0     0.0     0.0
Disability-insurance contribution rate  0.0     0.0     0.0     0.0     0.0     0.0
Interest payment on public debt         1.3    -3.4     2.6     0.4     6.6     1.1

Tax revenues                           29.4    27.9    28.7    23.0    24.1    38.4
     Direct taxes                      17.8    14.4    18.8     6.4     8.9    10.8
          Wage taxes                    8.8     7.1     9.9     2.3     3.1     6.0
          Capital taxes                 3.7     2.6     2.6     0.1     0.5     0.0
          Corporate taxes               5.2     4.7     6.3     4.0     5.3     4.7
     Indirect taxes                    10.8    13.2     9.9    16.6    14.9    24.1
          Consumption taxes            10.8    13.2     9.9    16.6    14.9    24.1
          Inheritance taxes             0.0     0.0     0.0     0.0     0.0     0.0

Wage tax rates
     Average                           13.9    10.9    15.1     3.5     4.7     9.3
     Marginal                          25.5    19.0    24.2     3.5     4.7     9.3
Capital-output ratio                    1.8     2.0     1.9     2.0     1.9     1.9
Capital-labor ratio                     3.2     3.7     3.4     3.8     3.3     3.4
Interest rate                           7.8     7.8     7.8     7.8     7.8     7.8
Wage rate
     Income class 1                     1.0     1.1     1.0     1.0     0.9     1.0
     Income class 2                     1.5     1.6     1.6     1.9     1.8     1.6
GDP relative                           1.00    1.14    0.44    0.98    0.37    0.78
GDP growth rate                         2.8     1.4     0.4     2.7     4.3     1.1
