YEAR   Pens-Base    Pens-Refm    Cons-Base    Cons-Refm    Wage-Base    Wage-Refm    Cap--Base    Cap--Refm    Corp-Base    Corp-Refm    GDP--Base    GDP--Refm    GDP--Diff
2013    8.7517       8.7517      17.3370      17.3370      15.9004      15.9001       8.0000       8.0000      30.0000      30.0000       0.3948       0.3948       0.0003
2014    8.9005       8.9005      17.3955      17.3956      16.1529      16.1525       8.0000       8.0000      30.0000      30.0000       0.3997       0.3997       0.0002
2015    9.0271       9.0271      17.3773      17.3773      16.3426      16.3422       8.0000       8.0000      30.0000      30.0000       0.4042       0.4042       0.0002
2016    9.1301       9.1301      17.3726      17.3727      16.5362      16.5358       8.0000       8.0000      30.0000      30.0000       0.4089       0.4089       0.0002
2017    9.2189       9.2189      17.3624      17.3624      16.7236      16.7232       8.0000       8.0000      30.0000      30.0000       0.4134       0.4134       0.0001
2018    9.3001       9.3001      17.3676      17.3676      16.9274      16.9270       8.0000       8.0000      30.0000      30.0000       0.4177       0.4177       0.0001
2019    9.3797       9.3797      17.3364      17.3364      17.1019      17.1015       8.0000       8.0000      30.0000      30.0000       0.4218       0.4218       0.0001
2020    9.4616       9.4616      17.1992      17.1992      17.1774      17.1770       8.0000       8.0000      30.0000      30.0000       0.4258       0.4258       0.0000
2021    9.5264       9.5264      17.1986      17.1986      17.3284      17.3280       8.0000       8.0000      30.0000      30.0000       0.4309       0.4309       0.0000
2022    9.6245       9.6246      17.1336      17.1336      17.4624      17.4620       8.0000       8.0000      30.0000      30.0000       0.4348       0.4348       0.0000
2023    9.7363       9.7364      17.0444      17.0444      17.5833      17.5829       8.0000       8.0000      30.0000      30.0000       0.4384       0.4384       0.0000
2024    9.8644       9.8645      16.9294      16.9294      17.6803      17.6799       8.0000       8.0000      30.0000      30.0000       0.4418       0.4418       0.0000
2025    9.9963       9.9964      16.8080      16.8080      17.7682      17.7678       8.0000       8.0000      30.0000      30.0000       0.4451       0.4451       0.0000
2026   10.1371      10.1372      16.6829      16.6829      17.8523      17.8519       8.0000       8.0000      30.0000      30.0000       0.4482       0.4482       0.0000
2027   10.2950      10.2950      16.5413      16.5413      17.9242      17.9238       8.0000       8.0000      30.0000      30.0000       0.4512       0.4512       0.0000
2028   10.4744      10.4744      16.4089      16.4089      18.0066      18.0062       8.0000       8.0000      30.0000      30.0000       0.4541       0.4541       0.0000
2029   10.6782      10.6782      16.2640      16.2640      18.0845      18.0840       8.0000       8.0000      30.0000      30.0000       0.4566       0.4566       0.0000
2030   10.8995      10.8995      16.1048      16.1048      18.1564      18.1560       8.0000       8.0000      30.0000      30.0000       0.4589       0.4589       0.0000
2031   11.1321      11.1321      15.9348      15.9348      18.2229      18.2225       8.0000       8.0000      30.0000      30.0000       0.4610       0.4610       0.0000
2032   11.3672      11.3673      15.7545      15.7544      18.2805      18.2801       8.0000       8.0000      30.0000      30.0000       0.4630       0.4630       0.0001
2033   11.5927      11.5927      15.5843      15.5843      18.3423      18.3419       8.0000       8.0000      30.0000      30.0000       0.4651       0.4651       0.0001
2034   11.7981      11.7981      15.4250      15.4250      18.4090      18.4085       8.0000       8.0000      30.0000      30.0000       0.4673       0.4673       0.0001
2035   11.9794      11.9794      15.2711      15.2711      18.4714      18.4710       8.0000       8.0000      30.0000      30.0000       0.4698       0.4698       0.0001
2036   12.1272      12.1272      15.0619      15.0618      18.4495      18.4491       8.0000       8.0000      30.0000      30.0000       0.4726       0.4726       0.0002
2037   12.2452      12.2452      14.8665      14.8665      18.4247      18.4243       8.0000       8.0000      30.0000      30.0000       0.4758       0.4758       0.0002
2038   12.3309      12.3309      14.7174      14.7174      18.4300      18.4296       8.0000       8.0000      30.0000      30.0000       0.4795       0.4795       0.0003
2039   12.4000      12.3999      14.5856      14.5856      18.4460      18.4456       8.0000       8.0000      30.0000      30.0000       0.4833       0.4833       0.0003
2040   12.4591      12.4591      14.4652      14.4651      18.4689      18.4685       8.0000       8.0000      30.0000      30.0000       0.4871       0.4871       0.0003
2041   12.5114      12.5113      14.3506      14.3505      18.4939      18.4935       8.0000       8.0000      30.0000      30.0000       0.4910       0.4910       0.0004
2042   12.5550      12.5550      14.2407      14.2407      18.5180      18.5176       8.0000       8.0000      30.0000      30.0000       0.4947       0.4947       0.0004
2043   12.5898      12.5898      14.1360      14.1360      18.5427      18.5423       8.0000       8.0000      30.0000      30.0000       0.4985       0.4985       0.0005
2044   12.6279      12.6278      14.0234      14.0233      18.5545      18.5541       8.0000       8.0000      30.0000      30.0000       0.5022       0.5022       0.0005
2045   12.6522      12.6521      13.9132      13.9132      18.5620      18.5616       8.0000       8.0000      30.0000      30.0000       0.5058       0.5058       0.0006
2046   12.6662      12.6661      13.8053      13.8052      18.5725      18.5721       8.0000       8.0000      30.0000      30.0000       0.5095       0.5095       0.0006
2047   12.6805      12.6804      13.6814      13.6814      18.5672      18.5668       8.0000       8.0000      30.0000      30.0000       0.5130       0.5130       0.0007
2048   12.6940      12.6939      13.5639      13.5638      18.5654      18.5650       8.0000       8.0000      30.0000      30.0000       0.5165       0.5165       0.0007
2049   12.7076      12.7075      13.4355      13.4355      18.5474      18.5470       8.0000       8.0000      30.0000      30.0000       0.5199       0.5199       0.0008
2050   12.7166      12.7165      13.3130      13.3130      18.5280      18.5276       8.0000       8.0000      30.0000      30.0000       0.5235       0.5235       0.0008
2051   12.7198      12.7196      13.1916      13.1916      18.5018      18.5014       8.0000       8.0000      30.0000      30.0000       0.5271       0.5272       0.0008
2052   12.7111      12.7109      13.0797      13.0797      18.4757      18.4754       8.0000       8.0000      30.0000      30.0000       0.5309       0.5309       0.0009
2053   12.6984      12.6982      12.9607      12.9607      18.4299      18.4295       8.0000       8.0000      30.0000      30.0000       0.5346       0.5346       0.0009
2054   12.6506      12.6504      12.8648      12.8648      18.3968      18.3964       8.0000       8.0000      30.0000      30.0000       0.5386       0.5386       0.0009
2055   12.5956      12.5954      12.7743      12.7743      18.3592      18.3588       8.0000       8.0000      30.0000      30.0000       0.5426       0.5426       0.0009
2056   12.5345      12.5343      12.6891      12.6891      18.3164      18.3161       8.0000       8.0000      30.0000      30.0000       0.5464       0.5464       0.0009
2057   12.4664      12.4662      12.6104      12.6104      18.2690      18.2687       8.0000       8.0000      30.0000      30.0000       0.5502       0.5502       0.0009
2058   12.3922      12.3920      12.5407      12.5407      18.2194      18.2190       8.0000       8.0000      30.0000      30.0000       0.5539       0.5539       0.0009
2059   12.3182      12.3180      12.4988      12.4988      18.1992      18.1988       8.0000       8.0000      30.0000      30.0000       0.5575       0.5575       0.0009
2060   12.3298      12.3296      12.4099      12.4099      18.1202      18.1199       8.0000       8.0000      30.0000      30.0000       0.5602       0.5602       0.0009
2061   12.2913      12.2911      12.3583      12.3583      18.0773      18.0770       8.0000       8.0000      30.0000      30.0000       0.5634       0.5634       0.0009
2062   12.2612      12.2610      12.3132      12.3132      18.0456      18.0452       8.0000       8.0000      30.0000      30.0000       0.5665       0.5665       0.0009
2063   12.2540      12.2538      12.2679      12.2679      18.0212      18.0208       8.0000       8.0000      30.0000      30.0000       0.5693       0.5693       0.0009
2064   12.2700      12.2698      12.2347      12.2347      18.0262      18.0259       8.0000       8.0000      30.0000      30.0000       0.5719       0.5719       0.0009
2065   12.3039      12.3037      12.1910      12.1910      18.0262      18.0258       8.0000       8.0000      30.0000      30.0000       0.5744       0.5744       0.0009
2066   12.3573      12.3572      12.1469      12.1469      18.0364      18.0360       8.0000       8.0000      30.0000      30.0000       0.5767       0.5767       0.0009
2067   12.4347      12.4345      12.1001      12.1001      18.0527      18.0523       8.0000       8.0000      30.0000      30.0000       0.5788       0.5788       0.0009
2068   12.5255      12.5253      12.0560      12.0560      18.0770      18.0766       8.0000       8.0000      30.0000      30.0000       0.5809       0.5809       0.0009
2069   12.6267      12.6265      12.0190      12.0190      18.1140      18.1137       8.0000       8.0000      30.0000      30.0000       0.5829       0.5829       0.0009
2070   12.7353      12.7351      11.9850      11.9850      18.1549      18.1546       8.0000       8.0000      30.0000      30.0000       0.5848       0.5848       0.0009
2071   12.8507      12.8505      11.9549      11.9549      18.2006      18.2002       8.0000       8.0000      30.0000      30.0000       0.5868       0.5868       0.0009
2072   12.9733      12.9732      11.9289      11.9289      18.2481      18.2477       8.0000       8.0000      30.0000      30.0000       0.5889       0.5889       0.0009
2073   13.0983      13.0981      11.9062      11.9062      18.2979      18.2976       8.0000       8.0000      30.0000      30.0000       0.5911       0.5911       0.0009
2074   13.2242      13.2241      11.8872      11.8872      18.3528      18.3524       8.0000       8.0000      30.0000      30.0000       0.5934       0.5934       0.0009
2075   13.3492      13.3491      11.8679      11.8679      18.4072      18.4069       8.0000       8.0000      30.0000      30.0000       0.5959       0.5959       0.0009
2076   13.4726      13.4724      11.8508      11.8508      18.4651      18.4648       8.0000       8.0000      30.0000      30.0000       0.5985       0.5985       0.0009
2077   13.6000      13.5999      11.8339      11.8340      18.5214      18.5210       8.0000       8.0000      30.0000      30.0000       0.6013       0.6013       0.0009
2078   13.7133      13.7132      11.8219      11.8219      18.5794      18.5790       8.0000       8.0000      30.0000      30.0000       0.6043       0.6043       0.0009
2079   13.8125      13.8124      11.8157      11.8157      18.6391      18.6387       8.0000       8.0000      30.0000      30.0000       0.6076       0.6076       0.0009
2080   13.8986      13.8985      11.8156      11.8156      18.7009      18.7006       8.0000       8.0000      30.0000      30.0000       0.6111       0.6112       0.0009
2081   13.9728      13.9726      11.8214      11.8214      18.7656      18.7653       8.0000       8.0000      30.0000      30.0000       0.6149       0.6149       0.0009
2082   14.0381      14.0380      11.8376      11.8376      18.8402      18.8399       8.0000       8.0000      30.0000      30.0000       0.6190       0.6190       0.0009
2083   14.1012      14.1010      11.9010      11.9010      18.9842      18.9839       8.0000       8.0000      30.0000      30.0000       0.6231       0.6231       0.0009
2084   14.1532      14.1531      12.0735      12.0735      19.2839      19.2835       8.0000       8.0000      30.0000      30.0000       0.6256       0.6256       0.0009
2085   14.2332      14.2331      12.0330      12.0330      19.3032      19.3029       8.0000       8.0000      30.0000      30.0000       0.6283       0.6283       0.0009
2086   14.2999      14.2998      12.0004      12.0004      19.3208      19.3204       8.0000       8.0000      30.0000      30.0000       0.6311       0.6311       0.0009
2087   14.3543      14.3541      11.9762      11.9762      19.3353      19.3349       8.0000       8.0000      30.0000      30.0000       0.6340       0.6340       0.0009
2088   14.3933      14.3932      11.9622      11.9622      19.3467      19.3463       8.0000       8.0000      30.0000      30.0000       0.6372       0.6372       0.0009
2089   14.4210      14.4209      11.9549      11.9549      19.3555      19.3551       8.0000       8.0000      30.0000      30.0000       0.6405       0.6405       0.0009
2090   14.4380      14.4379      11.9527      11.9527      19.3596      19.3592       8.0000       8.0000      30.0000      30.0000       0.6440       0.6440       0.0009
2091   14.4450      14.4449      11.9616      11.9616      19.3691      19.3688       8.0000       8.0000      30.0000      30.0000       0.6476       0.6477       0.0009
2092   14.4454      14.4453      11.9743      11.9743      19.3771      19.3768       8.0000       8.0000      30.0000      30.0000       0.6515       0.6515       0.0009
2093   14.4345      14.4344      11.9940      11.9940      19.3831      19.3828       8.0000       8.0000      30.0000      30.0000       0.6556       0.6556       0.0009
2094   14.4120      14.4119      12.0217      12.0217      19.3884      19.3880       8.0000       8.0000      30.0000      30.0000       0.6600       0.6600       0.0009
2095   14.3790      14.3788      12.0574      12.0574      19.3942      19.3939       8.0000       8.0000      30.0000      30.0000       0.6645       0.6645       0.0009
2096   14.3363      14.3362      12.1007      12.1007      19.4014      19.4011       8.0000       8.0000      30.0000      30.0000       0.6693       0.6693       0.0009
2097   14.2861      14.2859      12.1499      12.1499      19.4087      19.4084       8.0000       8.0000      30.0000      30.0000       0.6742       0.6742       0.0009
2098   14.2278      14.2277      12.2046      12.2046      19.4167      19.4163       8.0000       8.0000      30.0000      30.0000       0.6794       0.6794       0.0009
2099   14.1629      14.1628      12.2634      12.2634      19.4249      19.4246       8.0000       8.0000      30.0000      30.0000       0.6848       0.6848       0.0009
2100   14.0919      14.0918      12.3256      12.3256      19.4333      19.4329       8.0000       8.0000      30.0000      30.0000       0.6903       0.6903       0.0009
2101   14.0154      14.0152      12.3913      12.3913      19.4423      19.4419       8.0000       8.0000      30.0000      30.0000       0.6960       0.6960       0.0009
2102   13.9348      13.9346      12.4589      12.4589      19.4506      19.4502       8.0000       8.0000      30.0000      30.0000       0.7019       0.7019       0.0009
2103   13.8506      13.8505      12.5279      12.5279      19.4585      19.4582       8.0000       8.0000      30.0000      30.0000       0.7080       0.7080       0.0009
2104   13.7637      13.7636      12.5971      12.5971      19.4657      19.4654       8.0000       8.0000      30.0000      30.0000       0.7142       0.7142       0.0009
2105   13.6751      13.6750      12.6656      12.6656      19.4723      19.4719       8.0000       8.0000      30.0000      30.0000       0.7206       0.7206       0.0009
2106   13.5869      13.5868      12.7319      12.7319      19.4783      19.4779       8.0000       8.0000      30.0000      30.0000       0.7270       0.7271       0.0009
2107   13.5009      13.5007      12.7946      12.7945      19.4833      19.4829       8.0000       8.0000      30.0000      30.0000       0.7336       0.7336       0.0009
2108   13.4171      13.4169      12.8515      12.8515      19.4855      19.4852       8.0000       8.0000      30.0000      30.0000       0.7403       0.7403       0.0009
