YEAR   Pens-Base    Pens-Refm    Cons-Base    Cons-Refm    Wage-Base    Wage-Refm    Cap--Base    Cap--Refm    Corp-Base    Corp-Refm    GDP--Base    GDP--Refm    GDP--Diff
2013   14.1019      14.1018      89.3232      89.3236       9.3788       9.3787       1.8000       1.8000      30.0000      30.0000       0.7224       0.7224       0.0005
2014   14.5970      14.5969      87.5982      87.5987       9.5077       9.5075       1.8000       1.8000      30.0000      30.0000       0.7247       0.7247       0.0005
2015   15.1698      15.1697      85.6440      85.6445       9.6363       9.6361       1.8000       1.8000      30.0000      30.0000       0.7250       0.7250       0.0004
2016   15.8698      15.8698      83.3683      83.3688       9.7546       9.7544       1.8000       1.8000      30.0000      30.0000       0.7231       0.7231       0.0004
2017   16.4993      16.4993      81.1801      81.1807       9.8687       9.8686       1.8000       1.8000      30.0000      30.0000       0.7213       0.7213       0.0004
2018   17.1293      17.1293      78.9025      78.9030       9.9748       9.9747       1.8000       1.8000      30.0000      30.0000       0.7185       0.7185       0.0004
2019   17.6826      17.6825      76.5847      76.5853      10.0624      10.0623       1.8000       1.8000      30.0000      30.0000       0.7162       0.7162       0.0004
2020   18.1788      18.1788      74.1574      74.1579      10.1279      10.1277       1.8000       1.8000      30.0000      30.0000       0.7141       0.7141       0.0004
2021   18.6039      18.6039      71.6841      71.6846      10.1673      10.1671       1.8000       1.8000      30.0000      30.0000       0.7123       0.7123       0.0004
2022   18.9915      18.9915      69.2011      69.2016      10.1856      10.1855       1.8000       1.8000      30.0000      30.0000       0.7105       0.7105       0.0004
2023   19.3392      19.3392      66.6301      66.6305      10.1788      10.1786       1.8000       1.8000      30.0000      30.0000       0.7088       0.7088       0.0004
2024   19.7062      19.7062      63.9531      63.9536      10.1545      10.1543       1.8000       1.8000      30.0000      30.0000       0.7061       0.7061       0.0004
2025   20.2161      20.2161      61.0652      61.0656      10.1106      10.1104       1.8000       1.8000      30.0000      30.0000       0.7023       0.7023       0.0004
2026   20.8179      20.8179      58.0898      58.0902      10.0368      10.0367       1.8000       1.8000      30.0000      30.0000       0.6974       0.6974       0.0004
2027   21.3845      21.3845      55.2695      55.2699       9.9543       9.9542       1.8000       1.8000      30.0000      30.0000       0.6924       0.6924       0.0004
2028   22.0421      22.0421      52.4701      52.4705       9.8608       9.8606       1.8000       1.8000      30.0000      30.0000       0.6860       0.6860       0.0004
2029   22.6280      22.6280      49.8952      49.8955       9.7751       9.7750       1.8000       1.8000      30.0000      30.0000       0.6793       0.6793       0.0004
2030   23.4772      23.4772      47.1764      47.1767       9.6835       9.6834       1.8000       1.8000      30.0000      30.0000       0.6710       0.6710       0.0005
2031   24.4037      24.4037      44.5087      44.5090       9.5847       9.5845       1.8000       1.8000      30.0000      30.0000       0.6615       0.6615       0.0005
2032   25.3963      25.3963      41.8979      41.8982       9.4740       9.4739       1.8000       1.8000      30.0000      30.0000       0.6515       0.6515       0.0005
2033   26.4385      26.4385      39.3419      39.3422       9.3512       9.3510       1.8000       1.8000      30.0000      30.0000       0.6410       0.6410       0.0005
2034   27.5575      27.5575      36.9091      36.9094       9.2281       9.2279       1.8000       1.8000      30.0000      30.0000       0.6301       0.6301       0.0006
2035   28.9056      28.9057      34.5248      34.5251       9.1133       9.1131       1.8000       1.8000      30.0000      30.0000       0.6179       0.6179       0.0006
2036   30.4316      30.4316      32.1909      32.1912       8.9850       8.9849       1.8000       1.8000      30.0000      30.0000       0.6046       0.6046       0.0006
2037   31.9843      31.9843      30.1088      30.1091       8.8818       8.8816       1.8000       1.8000      30.0000      30.0000       0.5910       0.5910       0.0007
2038   33.7887      33.7888      28.1524      28.1527       8.7941       8.7939       1.8000       1.8000      30.0000      30.0000       0.5760       0.5760       0.0007
2039   35.8104      35.8105      26.3108      26.3111       8.7135       8.7133       1.8000       1.8000      30.0000      30.0000       0.5602       0.5602       0.0007
2040   37.9155      37.9156      24.5965      24.5969       8.6383       8.6381       1.8000       1.8000      30.0000      30.0000       0.5448       0.5448       0.0008
2041   39.9326      39.9327      23.0921      23.0924       8.5752       8.5751       1.8000       1.8000      30.0000      30.0000       0.5306       0.5306       0.0008
2042   42.0215      42.0216      21.6952      21.6955       8.5053       8.5052       1.8000       1.8000      30.0000      30.0000       0.5171       0.5171       0.0008
2043   43.9161      43.9163      20.4410      20.4413       8.4142       8.4140       1.8000       1.8000      30.0000      30.0000       0.5060       0.5061       0.0007
2044   45.2137      45.2139      19.4888      19.4890       8.3295       8.3293       1.8000       1.8000      30.0000      30.0000       0.4997       0.4997       0.0006
2045   45.9421      45.9422      18.7808      18.7809       8.2532       8.2530       1.8000       1.8000      30.0000      30.0000       0.4976       0.4976       0.0006
2046   46.1275      46.1275      18.2387      18.2389       8.1657       8.1655       1.8000       1.8000      30.0000      30.0000       0.4992       0.4992       0.0007
2047   45.6962      45.6961      17.8724      17.8725       8.0758       8.0757       1.8000       1.8000      30.0000      30.0000       0.5046       0.5047       0.0007
2048   44.8302      44.8301      17.6213      17.6214       7.9803       7.9802       1.8000       1.8000      30.0000      30.0000       0.5130       0.5130       0.0007
2049   43.5400      43.5398      17.4974      17.4975       7.8948       7.8947       1.8000       1.8000      30.0000      30.0000       0.5238       0.5238       0.0006
2050   42.3470      42.3467      17.3286      17.3287       7.7940       7.7938       1.8000       1.8000      30.0000      30.0000       0.5347       0.5347       0.0006
2051   41.0036      41.0032      17.2268      17.2269       7.6968       7.6966       1.8000       1.8000      30.0000      30.0000       0.5467       0.5467       0.0005
2052   39.5515      39.5511      17.1769      17.1770       7.6022       7.6020       1.8000       1.8000      30.0000      30.0000       0.5593       0.5593       0.0005
2053   38.0425      38.0421      17.1658      17.1658       7.5095       7.5094       1.8000       1.8000      30.0000      30.0000       0.5723       0.5723       0.0005
2054   36.5821      36.5816      17.1665      17.1665       7.4143       7.4141       1.8000       1.8000      30.0000      30.0000       0.5854       0.5854       0.0005
2055   35.0942      35.0937      17.2019      17.2019       7.3202       7.3200       1.8000       1.8000      30.0000      30.0000       0.5989       0.5989       0.0005
2056   33.6714      33.6709      17.2450      17.2450       7.2231       7.2230       1.8000       1.8000      30.0000      30.0000       0.6125       0.6125       0.0005
2057   32.3112      32.3108      17.2992      17.2992       7.1252       7.1251       1.8000       1.8000      30.0000      30.0000       0.6261       0.6261       0.0005
2058   31.1009      31.1004      17.3402      17.3402       7.0236       7.0235       1.8000       1.8000      30.0000      30.0000       0.6393       0.6393       0.0005
2059   30.0236      30.0231      17.3759      17.3759       6.9199       6.9198       1.8000       1.8000      30.0000      30.0000       0.6521       0.6521       0.0005
2060   29.0229      29.0225      17.4319      17.4319       6.8199       6.8198       1.8000       1.8000      30.0000      30.0000       0.6647       0.6647       0.0005
2061   28.0391      28.0387      17.5400      17.5400       6.7313       6.7311       1.8000       1.8000      30.0000      30.0000       0.6774       0.6774       0.0005
2062   27.1458      27.1454      17.6919      17.6919       6.6576       6.6574       1.8000       1.8000      30.0000      30.0000       0.6897       0.6897       0.0005
2063   26.4284      26.4280      17.8498      17.8498       6.5912       6.5910       1.8000       1.8000      30.0000      30.0000       0.7007       0.7007       0.0005
2064   25.8593      25.8589      18.0216      18.0216       6.5333       6.5332       1.8000       1.8000      30.0000      30.0000       0.7108       0.7108       0.0005
2065   25.3846      25.3843      18.2194      18.2194       6.4845       6.4844       1.8000       1.8000      30.0000      30.0000       0.7202       0.7202       0.0005
2066   24.9764      24.9760      18.4448      18.4448       6.4435       6.4434       1.8000       1.8000      30.0000      30.0000       0.7292       0.7292       0.0005
2067   24.6134      24.6130      18.6960      18.6959       6.4087       6.4086       1.8000       1.8000      30.0000      30.0000       0.7381       0.7381       0.0005
2068   24.3072      24.3068      18.9626      18.9626       6.3788       6.3786       1.8000       1.8000      30.0000      30.0000       0.7468       0.7468       0.0006
2069   24.0829      24.0826      19.2263      19.2263       6.3501       6.3499       1.8000       1.8000      30.0000      30.0000       0.7550       0.7550       0.0006
2070   23.9436      23.9432      19.4188      19.4188       6.3066       6.3064       1.8000       1.8000      30.0000      30.0000       0.7628       0.7628       0.0006
2071   23.8238      23.8235      19.6072      19.6072       6.2582       6.2580       1.8000       1.8000      30.0000      30.0000       0.7711       0.7711       0.0006
2072   23.7094      23.7091      19.8069      19.8069       6.2098       6.2097       1.8000       1.8000      30.0000      30.0000       0.7801       0.7801       0.0006
2073   23.6138      23.6134      20.0157      20.0157       6.1645       6.1643       1.8000       1.8000      30.0000      30.0000       0.7894       0.7894       0.0006
2074   23.5076      23.5073      20.2450      20.2450       6.1234       6.1232       1.8000       1.8000      30.0000      30.0000       0.7992       0.7992       0.0006
2075   23.3767      23.3764      20.5031      20.5031       6.0867       6.0866       1.8000       1.8000      30.0000      30.0000       0.8095       0.8095       0.0007
2076   23.2158      23.2155      20.7805      20.7804       6.0523       6.0522       1.8000       1.8000      30.0000      30.0000       0.8206       0.8206       0.0007
2077   23.0284      23.0281      21.0827      21.0827       6.0234       6.0232       1.8000       1.8000      30.0000      30.0000       0.8324       0.8324       0.0007
2078   22.8219      22.8215      21.3908      21.3908       5.9956       5.9955       1.8000       1.8000      30.0000      30.0000       0.8448       0.8448       0.0007
2079   22.5842      22.5839      21.7118      21.7118       5.9709       5.9708       1.8000       1.8000      30.0000      30.0000       0.8580       0.8580       0.0007
2080   22.3195      22.3192      22.0430      22.0430       5.9490       5.9489       1.8000       1.8000      30.0000      30.0000       0.8718       0.8718       0.0007
2081   22.0341      22.0338      22.3892      22.3892       5.9301       5.9300       1.8000       1.8000      30.0000      30.0000       0.8862       0.8862       0.0007
2082   21.7429      21.7426      22.8998      22.8998       5.9524       5.9523       1.8000       1.8000      30.0000      30.0000       0.9010       0.9010       0.0008
2083   21.6607      21.6604      28.5829      28.5829       7.2623       7.2622       1.8000       1.8000      30.0000      30.0000       0.9093       0.9093       0.0008
2084   22.1914      22.1911      48.4582      48.4584      11.9818      11.9816       1.8000       1.8000      30.0000      30.0000       0.6861       0.6861       0.0011
2085   21.9607      21.9604      49.2395      49.2397      11.9869      11.9867       1.8000       1.8000      30.0000      30.0000       0.6944       0.6944       0.0011
2086   21.7456      21.7453      50.0065      50.0066      11.9924      11.9922       1.8000       1.8000      30.0000      30.0000       0.7026       0.7026       0.0011
2087   21.5549      21.5546      50.7587      50.7589      11.9991      11.9989       1.8000       1.8000      30.0000      30.0000       0.7106       0.7107       0.0011
2088   21.4006      21.4003      51.4799      51.4801      12.0064      12.0062       1.8000       1.8000      30.0000      30.0000       0.7184       0.7184       0.0011
2089   21.2778      21.2775      52.1782      52.1783      12.0145      12.0144       1.8000       1.8000      30.0000      30.0000       0.7260       0.7260       0.0011
2090   21.1862      21.1859      52.8495      52.8497      12.0230      12.0228       1.8000       1.8000      30.0000      30.0000       0.7334       0.7334       0.0011
2091   21.1242      21.1240      53.4990      53.4992      12.0320      12.0318       1.8000       1.8000      30.0000      30.0000       0.7406       0.7406       0.0011
2092   21.0934      21.0931      54.1282      54.1284      12.0423      12.0421       1.8000       1.8000      30.0000      30.0000       0.7477       0.7477       0.0012
2093   21.1007      21.1004      54.7217      54.7219      12.0534      12.0532       1.8000       1.8000      30.0000      30.0000       0.7546       0.7546       0.0012
2094   21.1391      21.1389      55.2827      55.2829      12.0651      12.0649       1.8000       1.8000      30.0000      30.0000       0.7614       0.7614       0.0012
2095   21.2029      21.2027      55.8175      55.8177      12.0770      12.0768       1.8000       1.8000      30.0000      30.0000       0.7681       0.7681       0.0012
2096   21.2878      21.2876      56.3323      56.3325      12.0892      12.0890       1.8000       1.8000      30.0000      30.0000       0.7749       0.7749       0.0012
2097   21.3905      21.3903      56.8277      56.8279      12.1018      12.1016       1.8000       1.8000      30.0000      30.0000       0.7816       0.7816       0.0012
2098   21.5100      21.5097      57.2997      57.2999      12.1144      12.1143       1.8000       1.8000      30.0000      30.0000       0.7884       0.7884       0.0012
2099   21.6366      21.6363      57.7546      57.7549      12.1270      12.1268       1.8000       1.8000      30.0000      30.0000       0.7953       0.7953       0.0012
2100   21.7638      21.7636      58.1958      58.1960      12.1390      12.1388       1.8000       1.8000      30.0000      30.0000       0.8024       0.8025       0.0012
2101   21.8858      21.8856      58.6290      58.6292      12.1503      12.1501       1.8000       1.8000      30.0000      30.0000       0.8098       0.8098       0.0012
2102   21.9971      21.9969      59.0613      59.0615      12.1610      12.1608       1.8000       1.8000      30.0000      30.0000       0.8175       0.8175       0.0012
2103   22.0962      22.0959      59.4898      59.4901      12.1709      12.1707       1.8000       1.8000      30.0000      30.0000       0.8254       0.8254       0.0012
2104   22.1765      22.1763      59.9274      59.9277      12.1800      12.1798       1.8000       1.8000      30.0000      30.0000       0.8337       0.8338       0.0012
2105   22.2357      22.2354      60.3748      60.3751      12.1880      12.1878       1.8000       1.8000      30.0000      30.0000       0.8424       0.8424       0.0012
2106   22.2727      22.2724      60.8338      60.8341      12.1952      12.1950       1.8000       1.8000      30.0000      30.0000       0.8515       0.8515       0.0012
2107   22.2881      22.2879      61.3047      61.3049      12.2016      12.2014       1.8000       1.8000      30.0000      30.0000       0.8608       0.8609       0.0012
2108   22.2852      22.2850      61.7819      61.7822      12.2069      12.2067       1.8000       1.8000      30.0000      30.0000       0.8705       0.8705       0.0012
