YEAR   Pens-Base    Pens-Refm    Cons-Base    Cons-Refm    Wage-Base    Wage-Refm    Cap--Base    Cap--Refm    Corp-Base    Corp-Refm    GDP--Base    GDP--Refm    GDP--Diff
2013    8.6925       8.6925      16.3111      16.3111      15.3484      15.3483      11.0000      11.0000      35.0000      35.0000       1.0000       1.0000       0.0006
2014    8.7966       8.7965      16.9863      16.9863      15.7018      15.7017      11.0000      11.0000      35.0000      35.0000       1.0333       1.0333       0.0006
2015    8.9147       8.9146      17.6061      17.6061      16.0015      16.0015      11.0000      11.0000      35.0000      35.0000       1.0663       1.0663       0.0006
2016    9.0522       9.0522      18.2290      18.2290      16.3044      16.3043      11.0000      11.0000      35.0000      35.0000       1.0986       1.0986       0.0006
2017    9.2126       9.2126      18.8447      18.8447      16.6051      16.6050      11.0000      11.0000      35.0000      35.0000       1.1301       1.1301       0.0006
2018    9.3942       9.3941      19.4571      19.4571      16.9059      16.9059      11.0000      11.0000      35.0000      35.0000       1.1608       1.1608       0.0006
2019    9.5933       9.5933      20.0581      20.0581      17.2016      17.2015      11.0000      11.0000      35.0000      35.0000       1.1906       1.1906       0.0006
2020    9.8037       9.8037      20.6489      20.6489      17.4912      17.4911      11.0000      11.0000      35.0000      35.0000       1.2198       1.2198       0.0006
2021   10.0210      10.0210      21.2210      21.2210      17.7679      17.7678      11.0000      11.0000      35.0000      35.0000       1.2483       1.2483       0.0006
2022   10.2362      10.2361      21.7970      21.7970      18.0397      18.0396      11.0000      11.0000      35.0000      35.0000       1.2769       1.2769       0.0006
2023   10.4451      10.4450      22.3496      22.3496      18.2891      18.2890      11.0000      11.0000      35.0000      35.0000       1.3054       1.3054       0.0006
2024   10.6385      10.6384      22.8837      22.8837      18.5155      18.5155      11.0000      11.0000      35.0000      35.0000       1.3343       1.3344       0.0006
2025   10.8105      10.8105      23.4035      23.4035      18.7209      18.7209      11.0000      11.0000      35.0000      35.0000       1.3637       1.3637       0.0006
2026   10.9594      10.9593      23.9168      23.9168      18.9117      18.9116      11.0000      11.0000      35.0000      35.0000       1.3935       1.3935       0.0006
2027   11.0867      11.0867      24.4216      24.4216      19.0902      19.0901      11.0000      11.0000      35.0000      35.0000       1.4236       1.4236       0.0006
2028   11.1938      11.1937      24.9193      24.9193      19.2601      19.2600      11.0000      11.0000      35.0000      35.0000       1.4537       1.4537       0.0006
2029   11.2813      11.2812      25.4006      25.4006      19.4186      19.4186      11.0000      11.0000      35.0000      35.0000       1.4838       1.4838       0.0006
2030   11.3530      11.3530      25.8601      25.8601      19.5636      19.5635      11.0000      11.0000      35.0000      35.0000       1.5136       1.5137       0.0006
2031   11.4172      11.4171      26.2987      26.2987      19.6982      19.6982      11.0000      11.0000      35.0000      35.0000       1.5431       1.5431       0.0006
2032   11.4811      11.4811      26.7117      26.7117      19.8223      19.8223      11.0000      11.0000      35.0000      35.0000       1.5720       1.5720       0.0006
2033   11.5439      11.5438      27.1037      27.1036      19.9379      19.9379      11.0000      11.0000      35.0000      35.0000       1.6003       1.6003       0.0006
2034   11.5985      11.5984      27.4743      27.4743      20.0436      20.0436      11.0000      11.0000      35.0000      35.0000       1.6283       1.6283       0.0006
2035   11.6366      11.6365      27.8249      27.8249      20.1363      20.1363      11.0000      11.0000      35.0000      35.0000       1.6564       1.6564       0.0006
2036   11.6542      11.6541      28.0442      28.0442      20.1335      20.1335      11.0000      11.0000      35.0000      35.0000       1.6853       1.6853       0.0006
2037   11.6667      11.6666      28.2511      28.2511      20.1276      20.1276      11.0000      11.0000      35.0000      35.0000       1.7140       1.7140       0.0006
2038   11.6860      11.6860      28.4481      28.4481      20.1231      20.1231      11.0000      11.0000      35.0000      35.0000       1.7423       1.7423       0.0006
2039   11.7217      11.7217      28.6417      28.6417      20.1252      20.1252      11.0000      11.0000      35.0000      35.0000       1.7701       1.7701       0.0006
2040   11.7830      11.7829      28.8302      28.8302      20.1363      20.1363      11.0000      11.0000      35.0000      35.0000       1.7969       1.7969       0.0006
2041   11.8757      11.8757      29.0122      29.0122      20.1575      20.1576      11.0000      11.0000      35.0000      35.0000       1.8227       1.8227       0.0006
2042   12.0032      12.0032      29.1888      29.1888      20.1904      20.1904      11.0000      11.0000      35.0000      35.0000       1.8473       1.8473       0.0006
2043   12.1627      12.1626      29.3525      29.3525      20.2310      20.2311      11.0000      11.0000      35.0000      35.0000       1.8707       1.8707       0.0006
2044   12.3435      12.3435      29.4968      29.4968      20.2720      20.2720      11.0000      11.0000      35.0000      35.0000       1.8930       1.8930       0.0006
2045   12.5338      12.5337      29.6236      29.6237      20.3093      20.3093      11.0000      11.0000      35.0000      35.0000       1.9150       1.9150       0.0006
2046   12.7263      12.7263      29.7294      29.7294      20.3374      20.3375      11.0000      11.0000      35.0000      35.0000       1.9370       1.9370       0.0006
2047   12.9166      12.9165      29.8132      29.8132      20.3533      20.3533      11.0000      11.0000      35.0000      35.0000       1.9593       1.9593       0.0006
2048   13.1013      13.1013      29.8964      29.8964      20.3654      20.3655      11.0000      11.0000      35.0000      35.0000       1.9825       1.9826       0.0006
2049   13.2949      13.2948      29.9622      29.9622      20.3693      20.3693      11.0000      11.0000      35.0000      35.0000       2.0061       2.0061       0.0006
2050   13.4852      13.4851      30.0435      30.0435      20.3774      20.3775      11.0000      11.0000      35.0000      35.0000       2.0309       2.0309       0.0006
2051   13.6759      13.6758      30.1335      30.1335      20.3890      20.3891      11.0000      11.0000      35.0000      35.0000       2.0565       2.0565       0.0006
2052   13.8691      13.8690      30.2329      30.2329      20.4068      20.4068      11.0000      11.0000      35.0000      35.0000       2.0827       2.0827       0.0006
2053   14.0619      14.0619      30.3347      30.3347      20.4282      20.4282      11.0000      11.0000      35.0000      35.0000       2.1094       2.1095       0.0006
2054   14.2452      14.2451      30.4449      30.4449      20.4534      20.4535      11.0000      11.0000      35.0000      35.0000       2.1372       2.1372       0.0006
2055   14.4113      14.4112      30.5595      30.5596      20.4796      20.4797      11.0000      11.0000      35.0000      35.0000       2.1660       2.1660       0.0006
2056   14.5569      14.5569      30.6740      30.6741      20.5034      20.5034      11.0000      11.0000      35.0000      35.0000       2.1959       2.1959       0.0006
2057   14.6817      14.6816      30.7870      30.7870      20.5231      20.5232      11.0000      11.0000      35.0000      35.0000       2.2271       2.2272       0.0006
2058   14.7860      14.7860      30.8998      30.8999      20.5385      20.5386      11.0000      11.0000      35.0000      35.0000       2.2596       2.2596       0.0006
2059   14.8702      14.8702      31.0152      31.0153      20.5500      20.5500      11.0000      11.0000      35.0000      35.0000       2.2934       2.2934       0.0006
2060   14.9351      14.9350      31.1443      31.1444      20.5632      20.5632      11.0000      11.0000      35.0000      35.0000       2.3284       2.3284       0.0006
2061   14.9865      14.9864      31.2760      31.2761      20.5757      20.5757      11.0000      11.0000      35.0000      35.0000       2.3642       2.3642       0.0006
2062   15.0280      15.0279      31.4133      31.4133      20.5896      20.5897      11.0000      11.0000      35.0000      35.0000       2.4007       2.4007       0.0006
2063   15.0619      15.0618      31.5575      31.5576      20.6062      20.6063      11.0000      11.0000      35.0000      35.0000       2.4378       2.4379       0.0006
2064   15.0894      15.0893      31.7088      31.7089      20.6257      20.6257      11.0000      11.0000      35.0000      35.0000       2.4756       2.4756       0.0006
2065   15.1146      15.1145      31.8656      31.8657      20.6477      20.6478      11.0000      11.0000      35.0000      35.0000       2.5136       2.5136       0.0006
2066   15.1400      15.1399      32.0248      32.0249      20.6705      20.6706      11.0000      11.0000      35.0000      35.0000       2.5518       2.5519       0.0006
2067   15.1669      15.1668      32.1856      32.1856      20.6932      20.6932      11.0000      11.0000      35.0000      35.0000       2.5902       2.5902       0.0006
2068   15.1942      15.1941      32.3480      32.3481      20.7150      20.7150      11.0000      11.0000      35.0000      35.0000       2.6288       2.6288       0.0006
2069   15.2202      15.2201      32.5121      32.5122      20.7346      20.7347      11.0000      11.0000      35.0000      35.0000       2.6677       2.6678       0.0006
2070   15.2428      15.2427      32.6780      32.6781      20.7512      20.7512      11.0000      11.0000      35.0000      35.0000       2.7073       2.7073       0.0006
2071   15.2618      15.2617      32.8451      32.8452      20.7643      20.7644      11.0000      11.0000      35.0000      35.0000       2.7475       2.7475       0.0006
2072   15.2801      15.2800      33.0150      33.0151      20.7761      20.7762      11.0000      11.0000      35.0000      35.0000       2.7883       2.7883       0.0006
2073   15.3002      15.3002      33.1862      33.1863      20.7883      20.7884      11.0000      11.0000      35.0000      35.0000       2.8294       2.8294       0.0006
2074   15.3237      15.3236      33.3574      33.3575      20.8012      20.8013      11.0000      11.0000      35.0000      35.0000       2.8706       2.8706       0.0006
2075   15.3513      15.3512      33.5282      33.5283      20.8147      20.8148      11.0000      11.0000      35.0000      35.0000       2.9119       2.9119       0.0006
2076   15.3829      15.3828      33.6979      33.6980      20.8281      20.8281      11.0000      11.0000      35.0000      35.0000       2.9533       2.9533       0.0006
2077   15.4156      15.4155      33.8742      33.8743      20.8434      20.8434      11.0000      11.0000      35.0000      35.0000       2.9950       2.9950       0.0006
2078   15.4487      15.4486      34.0536      34.0537      20.8596      20.8597      11.0000      11.0000      35.0000      35.0000       3.0370       3.0371       0.0006
2079   15.4795      15.4794      34.2362      34.2363      20.8757      20.8758      11.0000      11.0000      35.0000      35.0000       3.0795       3.0795       0.0006
2080   15.5057      15.5056      34.4233      34.4234      20.8915      20.8916      11.0000      11.0000      35.0000      35.0000       3.1227       3.1227       0.0006
2081   15.5266      15.5265      34.6157      34.6158      20.9071      20.9072      11.0000      11.0000      35.0000      35.0000       3.1665       3.1665       0.0006
2082   15.5422      15.5421      34.8426      34.8427      20.9389      20.9389      11.0000      11.0000      35.0000      35.0000       3.2112       3.2112       0.0006
2083   15.5730      15.5729      35.4343      35.4345      21.1953      21.1953      11.0000      11.0000      35.0000      35.0000       3.2525       3.2525       0.0006
2084   15.6375      15.6374      36.8216      36.8217      21.9331      21.9332      11.0000      11.0000      35.0000      35.0000       3.2307       3.2307       0.0006
2085   15.6932      15.6931      36.9253      36.9254      21.9615      21.9616      11.0000      11.0000      35.0000      35.0000       3.2650       3.2650       0.0006
2086   15.7467      15.7466      37.0242      37.0244      21.9897      21.9898      11.0000      11.0000      35.0000      35.0000       3.2994       3.2994       0.0006
2087   15.7986      15.7985      37.1187      37.1188      22.0177      22.0178      11.0000      11.0000      35.0000      35.0000       3.3339       3.3339       0.0006
2088   15.8501      15.8499      37.2092      37.2093      22.0455      22.0456      11.0000      11.0000      35.0000      35.0000       3.3685       3.3685       0.0006
2089   15.9023      15.9022      37.2957      37.2958      22.0731      22.0731      11.0000      11.0000      35.0000      35.0000       3.4031       3.4031       0.0006
2090   15.9563      15.9562      37.3785      37.3786      22.1002      22.1002      11.0000      11.0000      35.0000      35.0000       3.4377       3.4378       0.0006
2091   16.0124      16.0123      37.4586      37.4587      22.1268      22.1268      11.0000      11.0000      35.0000      35.0000       3.4724       3.4724       0.0006
2092   16.0703      16.0702      37.5386      37.5387      22.1535      22.1536      11.0000      11.0000      35.0000      35.0000       3.5073       3.5073       0.0006
2093   16.1304      16.1303      37.6153      37.6155      22.1792      22.1793      11.0000      11.0000      35.0000      35.0000       3.5422       3.5422       0.0006
2094   16.1915      16.1914      37.6893      37.6894      22.2037      22.2037      11.0000      11.0000      35.0000      35.0000       3.5772       3.5772       0.0006
2095   16.2533      16.2532      37.7612      37.7614      22.2269      22.2269      11.0000      11.0000      35.0000      35.0000       3.6124       3.6124       0.0006
2096   16.3156      16.3155      37.8312      37.8314      22.2490      22.2491      11.0000      11.0000      35.0000      35.0000       3.6478       3.6478       0.0006
2097   16.3788      16.3787      37.8993      37.8995      22.2705      22.2706      11.0000      11.0000      35.0000      35.0000       3.6834       3.6834       0.0006
2098   16.4430      16.4429      37.9651      37.9652      22.2916      22.2917      11.0000      11.0000      35.0000      35.0000       3.7192       3.7192       0.0006
2099   16.5086      16.5085      38.0281      38.0282      22.3124      22.3125      11.0000      11.0000      35.0000      35.0000       3.7551       3.7551       0.0006
2100   16.5753      16.5752      38.0887      38.0889      22.3332      22.3332      11.0000      11.0000      35.0000      35.0000       3.7912       3.7912       0.0006
2101   16.6428      16.6427      38.1478      38.1480      22.3542      22.3542      11.0000      11.0000      35.0000      35.0000       3.8274       3.8274       0.0006
2102   16.7105      16.7104      38.2056      38.2057      22.3756      22.3756      11.0000      11.0000      35.0000      35.0000       3.8638       3.8638       0.0006
2103   16.7777      16.7776      38.2620      38.2622      22.3973      22.3973      11.0000      11.0000      35.0000      35.0000       3.9004       3.9005       0.0006
2104   16.8436      16.8435      38.3171      38.3172      22.4192      22.4192      11.0000      11.0000      35.0000      35.0000       3.9373       3.9373       0.0006
2105   16.9073      16.9072      38.3709      38.3711      22.4413      22.4413      11.0000      11.0000      35.0000      35.0000       3.9745       3.9745       0.0006
2106   16.9683      16.9682      38.4237      38.4239      22.4635      22.4636      11.0000      11.0000      35.0000      35.0000       4.0121       4.0121       0.0006
2107   17.0260      17.0259      38.4756      38.4757      22.4859      22.4860      11.0000      11.0000      35.0000      35.0000       4.0501       4.0501       0.0006
2108   17.0802      17.0801      38.5239      38.5241      22.5075      22.5075      11.0000      11.0000      35.0000      35.0000       4.0885       4.0885       0.0006
