
USA
---------------------------------------------------------------------------------------------------------------------------------------------------------------------------------------------------------------------------------------------------------------------------------------------------

WELFARE EFFECTS - POLICY REFORM
BIRTH YEAR      1       2
1920        0.000   0.000
1925        0.000   0.000
1930        0.000   0.000
1935        0.000   0.000
1940        0.000   0.000
1945        0.000   0.000
1950        0.000   0.000
1955        0.000   0.000
1960        0.000   0.000
1965        0.000   0.000
1970        0.000   0.000
1975        0.000   0.000
1980        0.000   0.000
1990        0.001   0.001
1995        0.001   0.001
2000        0.001   0.001
2005        0.001   0.001
2010        0.001   0.001
2015        0.001   0.001
2020        0.001   0.001
2025        0.001   0.001
2030        0.001   0.001
2035        0.001   0.001
2040        0.001   0.001
2045        0.001   0.001
2050        0.001   0.001
2055        0.001   0.001
2060        0.001   0.001
2065        0.001   0.001
2070        0.001   0.001
2075        0.001   0.001
2080        0.001   0.001
2085        0.001   0.001
2090        0.001   0.001
2095        0.001   0.001
2100        0.001   0.001

EUROPE
---------------------------------------------------------------------------------------------------------------------------------------------------------------------------------------------------------------------------------------------------------------------------------------------------

WELFARE EFFECTS - POLICY REFORM
BIRTH YEAR      1       2
1920        0.000   0.000
1925        0.000   0.000
1930        0.000   0.000
1935        0.000   0.000
1940        0.000   0.000
1945        0.001   0.000
1950        0.001   0.001
1955        0.001   0.000
1960        0.001   0.000
1965        0.000   0.000
1970        0.000   0.000
1975        0.000   0.000
1980        0.000   0.000
1990        0.001   0.001
1995        0.001   0.001
2000        0.001   0.001
2005        0.001   0.001
2010        0.001   0.001
2015        0.001   0.001
2020        0.001   0.001
2025        0.001   0.001
2030        0.001   0.001
2035        0.001   0.001
2040        0.001   0.001
2045        0.001   0.001
2050        0.001   0.001
2055        0.001   0.001
2060        0.001   0.001
2065        0.001   0.001
2070        0.001   0.001
2075        0.001   0.001
2080        0.001   0.001
2085        0.001   0.001
2090        0.001   0.001
2095        0.001   0.001
2100        0.001   0.001

JAPAN
---------------------------------------------------------------------------------------------------------------------------------------------------------------------------------------------------------------------------------------------------------------------------------------------------

WELFARE EFFECTS - POLICY REFORM
BIRTH YEAR      1       2
1920        0.000   0.000
1925        0.000   0.000
1930        0.000   0.000
1935        0.000   0.000
1940        0.000   0.000
1945        0.001   0.001
1950        0.001   0.001
1955        0.001   0.001
1960        0.001   0.001
1965        0.001   0.001
1970        0.001   0.001
1975        0.001   0.001
1980        0.001   0.001
1990        0.001   0.001
1995        0.001   0.001
2000        0.001   0.001
2005        0.001   0.001
2010        0.001   0.001
2015        0.001   0.001
2020        0.001   0.001
2025        0.001   0.001
2030        0.001   0.001
2035        0.001   0.001
2040        0.001   0.001
2045        0.001   0.001
2050        0.001   0.001
2055        0.001   0.001
2060        0.001   0.001
2065        0.001   0.001
2070        0.001   0.001
2075        0.001   0.001
2080        0.001   0.001
2085        0.001   0.001
2090        0.001   0.001
2095        0.001   0.001
2100        0.001   0.001

CHINA
---------------------------------------------------------------------------------------------------------------------------------------------------------------------------------------------------------------------------------------------------------------------------------------------------

WELFARE EFFECTS - POLICY REFORM
BIRTH YEAR      1       2
1920        0.000   0.000
1925        0.000   0.000
1930        0.000   0.000
1935        0.000   0.000
1940        0.001   0.001
1945        0.001   0.001
1950        0.001   0.001
1955        0.001   0.001
1960        0.001   0.001
1965        0.001   0.001
1970        0.001   0.001
1975        0.001   0.001
1980        0.001   0.001
1990        0.001   0.001
1995        0.001   0.001
2000        0.001   0.001
2005        0.001   0.001
2010        0.001   0.001
2015        0.001   0.001
2020        0.001   0.001
2025        0.001   0.001
2030        0.001   0.001
2035        0.001   0.001
2040        0.001   0.001
2045        0.001   0.001
2050        0.001   0.001
2055        0.001   0.001
2060        0.001   0.001
2065        0.001   0.001
2070        0.001   0.001
2075        0.001   0.001
2080        0.001   0.001
2085        0.001   0.001
2090        0.001   0.001
2095        0.001   0.001
2100        0.001   0.001

INDIA
---------------------------------------------------------------------------------------------------------------------------------------------------------------------------------------------------------------------------------------------------------------------------------------------------

WELFARE EFFECTS - POLICY REFORM
BIRTH YEAR      1       2
1920        0.000   0.000
1925        0.000   0.000
1930        0.000   0.000
1935        0.000   0.000
1940        0.001   0.001
1945        0.001   0.001
1950        0.001   0.001
1955        0.001   0.001
1960        0.001   0.001
1965        0.001   0.001
1970        0.001   0.001
1975        0.001   0.000
1980        0.000   0.000
1990        0.001   0.001
1995        0.001   0.001
2000        0.001   0.001
2005        0.001   0.001
2010        0.001   0.001
2015        0.001   0.001
2020        0.001   0.001
2025        0.001   0.001
2030        0.001   0.001
2035        0.001   0.001
2040        0.001   0.001
2045        0.001   0.001
2050        0.001   0.001
2055        0.001   0.001
2060        0.001   0.001
2065        0.001   0.001
2070        0.001   0.001
2075        0.001   0.001
2080        0.001   0.001
2085        0.001   0.001
2090        0.001   0.001
2095        0.001   0.001
2100        0.001   0.001

RUSSIA
---------------------------------------------------------------------------------------------------------------------------------------------------------------------------------------------------------------------------------------------------------------------------------------------------

WELFARE EFFECTS - POLICY REFORM
BIRTH YEAR      1       2
1920        0.000   0.000
1925        0.000   0.000
1930        0.000   0.000
1935        0.000   0.000
1940        0.000   0.000
1945        0.000   0.000
1950        0.000   0.000
1955        0.000   0.000
1960        0.000   0.000
1965        0.000   0.000
1970        0.000   0.000
1975        0.000   0.000
1980        0.000   0.000
1990        0.000   0.000
1995        0.000   0.000
2000        0.000   0.000
2005        0.000   0.001
2010        0.001   0.001
2015        0.001   0.001
2020        0.001   0.001
2025        0.001   0.001
2030        0.001   0.001
2035        0.001   0.001
2040        0.001   0.001
2045        0.001   0.001
2050        0.001   0.001
2055        0.001   0.001
2060        0.001   0.001
2065        0.001   0.001
2070        0.001   0.001
2075        0.001   0.001
2080        0.001   0.001
2085        0.001   0.001
2090        0.001   0.001
2095        0.001   0.001
2100        0.001   0.001
